# JRE version: OpenJDK Runtime Environment GraalVM CE 22.3.0 (17.0.5+8) (build 17.0.5+8-jvmci-22.3-b08)
# Java VM: OpenJDK 64-Bit Server VM GraalVM CE 22.3.0 (17.0.5+8-jvmci-22.3-b08, mixed mode, sharing, tiered, jvmci, jvmci compiler, compressed oops, compressed class ptrs, parallel gc, linux-amd64)
GC Precious Log:
 CPUs: 8 total, 1 available
 Memory: 1024M
 Large Page Support: Disabled
 NUMA Support: Disabled
 Compressed Oops: Enabled (32-bit)
 Alignments: Space 512K, Generation 512K, Heap 2M
 Heap Min Capacity: 100M
 Heap Initial Capacity: 100M
 Heap Max Capacity: 512M
 Pre-touch: Disabled
 Parallel Workers: 1
Heap:
 PSYoungGen      total 56832K, used 35839K [0x00000000f5580000, 0x00000000fd680000, 0x0000000100000000)
  eden space 35840K, 99% used [0x00000000f5580000,0x00000000f787fff8,0x00000000f7880000)
  from space 20992K, 0% used [0x00000000fa700000,0x00000000fa700000,0x00000000fbb80000)
  to   space 47616K, 0% used [0x00000000f7880000,0x00000000f7880000,0x00000000fa700000)
 ParOldGen       total 349696K, used 349695K [0x00000000e0000000, 0x00000000f5580000, 0x00000000f5580000)
  object space 349696K, 99% used [0x00000000e0000000,0x00000000f557fff8,0x00000000f5580000)
 Metaspace       used 58930K, committed 60032K, reserved 1105920K
  class space    used 5434K, committed 5888K, reserved 1048576K
GC Heap History (20 events):
Event: 381.257 GC heap before
{Heap before GC invocations=346 (full 245):
 PSYoungGen      total 56832K, used 35840K [0x00000000f5580000, 0x00000000fd680000, 0x0000000100000000)
  eden space 35840K, 100% used [0x00000000f5580000,0x00000000f7880000,0x00000000f7880000)
  from space 20992K, 0% used [0x00000000fa700000,0x00000000fa700000,0x00000000fbb80000)
  to   space 47616K, 0% used [0x00000000f7880000,0x00000000f7880000,0x00000000fa700000)
 ParOldGen       total 349696K, used 349696K [0x00000000e0000000, 0x00000000f5580000, 0x00000000f5580000)
  object space 349696K, 100% used [0x00000000e0000000,0x00000000f5580000,0x00000000f5580000)
 Metaspace       used 58929K, committed 60032K, reserved 1105920K
  class space    used 5433K, committed 5888K, reserved 1048576K
}
Event: 382.286 GC heap after
{Heap after GC invocations=346 (full 245):
 PSYoungGen      total 83456K, used 35840K [0x00000000f5580000, 0x00000000fd680000, 0x0000000100000000)
  eden space 35840K, 100% used [0x00000000f5580000,0x00000000f7880000,0x00000000f7880000)
  from space 47616K, 0% used [0x00000000f7880000,0x00000000f7880000,0x00000000fa700000)
  to   space 20992K, 0% used [0x00000000fa700000,0x00000000fa700000,0x00000000fbb80000)
 ParOldGen       total 349696K, used 349696K [0x00000000e0000000, 0x00000000f5580000, 0x00000000f5580000)
  object space 349696K, 100% used [0x00000000e0000000,0x00000000f5580000,0x00000000f5580000)
 Metaspace       used 58929K, committed 60032K, reserved 1105920K
  class space    used 5433K, committed 5888K, reserved 1048576K
}
Event: 382.287 GC heap before
{Heap before GC invocations=347 (full 246):
 PSYoungGen      total 83456K, used 35840K [0x00000000f5580000, 0x00000000fd680000, 0x0000000100000000)
  eden space 35840K, 100% used [0x00000000f5580000,0x00000000f7880000,0x00000000f7880000)
  from space 47616K, 0% used [0x00000000f7880000,0x00000000f7880000,0x00000000fa700000)
  to   space 20992K, 0% used [0x00000000fa700000,0x00000000fa700000,0x00000000fbb80000)
 ParOldGen       total 349696K, used 349696K [0x00000000e0000000, 0x00000000f5580000, 0x00000000f5580000)
  object space 349696K, 100% used [0x00000000e0000000,0x00000000f5580000,0x00000000f5580000)
 Metaspace       used 58930K, committed 60032K, reserved 1105920K
  class space    used 5434K, committed 5888K, reserved 1048576K
}
Event: 383.488 GC heap after
{Heap after GC invocations=347 (full 246):
 PSYoungGen      total 56832K, used 35839K [0x00000000f5580000, 0x00000000fd680000, 0x0000000100000000)
  eden space 35840K, 99% used [0x00000000f5580000,0x00000000f787ff50,0x00000000f7880000)
  from space 20992K, 0% used [0x00000000fa700000,0x00000000fa700000,0x00000000fbb80000)
  to   space 47616K, 0% used [0x00000000f7880000,0x00000000f7880000,0x00000000fa700000)
 ParOldGen       total 349696K, used 349693K [0x00000000e0000000, 0x00000000f5580000, 0x00000000f5580000)
  object space 349696K, 99% used [0x00000000e0000000,0x00000000f557f630,0x00000000f5580000)
 Metaspace       used 58930K, committed 60032K, reserved 1105920K
  class space    used 5434K, committed 5888K, reserved 1048576K
}
Event: 383.488 GC heap before
{Heap before GC invocations=348 (full 247):
 PSYoungGen      total 56832K, used 35839K [0x00000000f5580000, 0x00000000fd680000, 0x0000000100000000)
  eden space 35840K, 99% used [0x00000000f5580000,0x00000000f787fff0,0x00000000f7880000)
  from space 20992K, 0% used [0x00000000fa700000,0x00000000fa700000,0x00000000fbb80000)
  to   space 47616K, 0% used [0x00000000f7880000,0x00000000f7880000,0x00000000fa700000)
 ParOldGen       total 349696K, used 349693K [0x00000000e0000000, 0x00000000f5580000, 0x00000000f5580000)
  object space 349696K, 99% used [0x00000000e0000000,0x00000000f557f630,0x00000000f5580000)
 Metaspace       used 58930K, committed 60032K, reserved 1105920K
  class space    used 5434K, committed 5888K, reserved 1048576K
}
Event: 384.635 GC heap after
{Heap after GC invocations=348 (full 247):
 PSYoungGen      total 83456K, used 35839K [0x00000000f5580000, 0x00000000fd680000, 0x0000000100000000)
  eden space 35840K, 99% used [0x00000000f5580000,0x00000000f787fe60,0x00000000f7880000)
  from space 47616K, 0% used [0x00000000f7880000,0x00000000f7880000,0x00000000fa700000)
  to   space 20992K, 0% used [0x00000000fa700000,0x00000000fa700000,0x00000000fbb80000)
 ParOldGen       total 349696K, used 349692K [0x00000000e0000000, 0x00000000f5580000, 0x00000000f5580000)
  object space 349696K, 99% used [0x00000000e0000000,0x00000000f557f2f8,0x00000000f5580000)
 Metaspace       used 58930K, committed 60032K, reserved 1105920K
  class space    used 5434K, committed 5888K, reserved 1048576K
}
Event: 384.641 GC heap before
{Heap before GC invocations=349 (full 248):
 PSYoungGen      total 83456K, used 35840K [0x00000000f5580000, 0x00000000fd680000, 0x0000000100000000)
  eden space 35840K, 100% used [0x00000000f5580000,0x00000000f7880000,0x00000000f7880000)
  from space 47616K, 0% used [0x00000000f7880000,0x00000000f7880000,0x00000000fa700000)
  to   space 20992K, 0% used [0x00000000fa700000,0x00000000fa700000,0x00000000fbb80000)
 ParOldGen       total 349696K, used 349692K [0x00000000e0000000, 0x00000000f5580000, 0x00000000f5580000)
  object space 349696K, 99% used [0x00000000e0000000,0x00000000f557f2f8,0x00000000f5580000)
 Metaspace       used 58930K, committed 60032K, reserved 1105920K
  class space    used 5434K, committed 5888K, reserved 1048576K
}
Event: 385.763 GC heap after
{Heap after GC invocations=349 (full 248):
 PSYoungGen      total 56832K, used 35838K [0x00000000f5580000, 0x00000000fd680000, 0x0000000100000000)
  eden space 35840K, 99% used [0x00000000f5580000,0x00000000f787fb28,0x00000000f7880000)
  from space 20992K, 0% used [0x00000000fa700000,0x00000000fa700000,0x00000000fbb80000)
  to   space 47616K, 0% used [0x00000000f7880000,0x00000000f7880000,0x00000000fa700000)
 ParOldGen       total 349696K, used 349692K [0x00000000e0000000, 0x00000000f5580000, 0x00000000f5580000)
  object space 349696K, 99% used [0x00000000e0000000,0x00000000f557f2f8,0x00000000f5580000)
 Metaspace       used 58930K, committed 60032K, reserved 1105920K
  class space    used 5434K, committed 5888K, reserved 1048576K
}
Event: 385.764 GC heap before
{Heap before GC invocations=350 (full 249):
 PSYoungGen      total 56832K, used 35840K [0x00000000f5580000, 0x00000000fd680000, 0x0000000100000000)
  eden space 35840K, 100% used [0x00000000f5580000,0x00000000f7880000,0x00000000f7880000)
  from space 20992K, 0% used [0x00000000fa700000,0x00000000fa700000,0x00000000fbb80000)
  to   space 47616K, 0% used [0x00000000f7880000,0x00000000f7880000,0x00000000fa700000)
 ParOldGen       total 349696K, used 349692K [0x00000000e0000000, 0x00000000f5580000, 0x00000000f5580000)
  object space 349696K, 99% used [0x00000000e0000000,0x00000000f557f2f8,0x00000000f5580000)
 Metaspace       used 58930K, committed 60032K, reserved 1105920K
  class space    used 5434K, committed 5888K, reserved 1048576K
}
Event: 386.834 GC heap after
{Heap after GC invocations=350 (full 249):
 PSYoungGen      total 83456K, used 35838K [0x00000000f5580000, 0x00000000fd680000, 0x0000000100000000)
  eden space 35840K, 99% used [0x00000000f5580000,0x00000000f787fb30,0x00000000f7880000)
  from space 47616K, 0% used [0x00000000f7880000,0x00000000f7880000,0x00000000fa700000)
  to   space 20992K, 0% used [0x00000000fa700000,0x00000000fa700000,0x00000000fbb80000)
 ParOldGen       total 349696K, used 349692K [0x00000000e0000000, 0x00000000f5580000, 0x00000000f5580000)
  object space 349696K, 99% used [0x00000000e0000000,0x00000000f557f268,0x00000000f5580000)
 Metaspace       used 58930K, committed 60032K, reserved 1105920K
  class space    used 5434K, committed 5888K, reserved 1048576K
}
Event: 386.834 GC heap before
{Heap before GC invocations=351 (full 250):
 PSYoungGen      total 83456K, used 35839K [0x00000000f5580000, 0x00000000fd680000, 0x0000000100000000)
  eden space 35840K, 99% used [0x00000000f5580000,0x00000000f787fe38,0x00000000f7880000)
  from space 47616K, 0% used [0x00000000f7880000,0x00000000f7880000,0x00000000fa700000)
  to   space 20992K, 0% used [0x00000000fa700000,0x00000000fa700000,0x00000000fbb80000)
 ParOldGen       total 349696K, used 349692K [0x00000000e0000000, 0x00000000f5580000, 0x00000000f5580000)
  object space 349696K, 99% used [0x00000000e0000000,0x00000000f557f268,0x00000000f5580000)
 Metaspace       used 58930K, committed 60032K, reserved 1105920K
  class space    used 5434K, committed 5888K, reserved 1048576K
}
Event: 387.857 GC heap after
{Heap after GC invocations=351 (full 250):
 PSYoungGen      total 56832K, used 35839K [0x00000000f5580000, 0x00000000fd680000, 0x0000000100000000)
  eden space 35840K, 99% used [0x00000000f5580000,0x00000000f787fca0,0x00000000f7880000)
  from space 20992K, 0% used [0x00000000fa700000,0x00000000fa700000,0x00000000fbb80000)
  to   space 47616K, 0% used [0x00000000f7880000,0x00000000f7880000,0x00000000fa700000)
 ParOldGen       total 349696K, used 349692K [0x00000000e0000000, 0x00000000f5580000, 0x00000000f5580000)
  object space 349696K, 99% used [0x00000000e0000000,0x00000000f557f268,0x00000000f5580000)
 Metaspace       used 58930K, committed 60032K, reserved 1105920K
  class space    used 5434K, committed 5888K, reserved 1048576K
}
Event: 387.857 GC heap before
{Heap before GC invocations=352 (full 251):
 PSYoungGen      total 56832K, used 35840K [0x00000000f5580000, 0x00000000fd680000, 0x0000000100000000)
  eden space 35840K, 100% used [0x00000000f5580000,0x00000000f7880000,0x00000000f7880000)
  from space 20992K, 0% used [0x00000000fa700000,0x00000000fa700000,0x00000000fbb80000)
  to   space 47616K, 0% used [0x00000000f7880000,0x00000000f7880000,0x00000000fa700000)
 ParOldGen       total 349696K, used 349695K [0x00000000e0000000, 0x00000000f5580000, 0x00000000f5580000)
  object space 349696K, 99% used [0x00000000e0000000,0x00000000f557ff90,0x00000000f5580000)
 Metaspace       used 58930K, committed 60032K, reserved 1105920K
  class space    used 5434K, committed 5888K, reserved 1048576K
}
Event: 388.772 GC heap after
{Heap after GC invocations=352 (full 251):
 PSYoungGen      total 83456K, used 35839K [0x00000000f5580000, 0x00000000fd680000, 0x0000000100000000)
  eden space 35840K, 99% used [0x00000000f5580000,0x00000000f787ff08,0x00000000f7880000)
  from space 47616K, 0% used [0x00000000f7880000,0x00000000f7880000,0x00000000fa700000)
  to   space 20992K, 0% used [0x00000000fa700000,0x00000000fa700000,0x00000000fbb80000)
 ParOldGen       total 349696K, used 349695K [0x00000000e0000000, 0x00000000f5580000, 0x00000000f5580000)
  object space 349696K, 99% used [0x00000000e0000000,0x00000000f557ff70,0x00000000f5580000)
 Metaspace       used 58930K, committed 60032K, reserved 1105920K
  class space    used 5434K, committed 5888K, reserved 1048576K
}
Event: 388.772 GC heap before
{Heap before GC invocations=353 (full 252):
 PSYoungGen      total 83456K, used 35839K [0x00000000f5580000, 0x00000000fd680000, 0x0000000100000000)
  eden space 35840K, 99% used [0x00000000f5580000,0x00000000f787ff08,0x00000000f7880000)
  from space 47616K, 0% used [0x00000000f7880000,0x00000000f7880000,0x00000000fa700000)
  to   space 20992K, 0% used [0x00000000fa700000,0x00000000fa700000,0x00000000fbb80000)
 ParOldGen       total 349696K, used 349695K [0x00000000e0000000, 0x00000000f5580000, 0x00000000f5580000)
  object space 349696K, 99% used [0x00000000e0000000,0x00000000f557ff70,0x00000000f5580000)
 Metaspace       used 58930K, committed 60032K, reserved 1105920K
  class space    used 5434K, committed 5888K, reserved 1048576K
}
Event: 389.936 GC heap after
{Heap after GC invocations=353 (full 252):
 PSYoungGen      total 56832K, used 35839K [0x00000000f5580000, 0x00000000fd680000, 0x0000000100000000)
  eden space 35840K, 99% used [0x00000000f5580000,0x00000000f787feb8,0x00000000f7880000)
  from space 20992K, 0% used [0x00000000fa700000,0x00000000fa700000,0x00000000fbb80000)
  to   space 47616K, 0% used [0x00000000f7880000,0x00000000f7880000,0x00000000fa700000)
 ParOldGen       total 349696K, used 349695K [0x00000000e0000000, 0x00000000f5580000, 0x00000000f5580000)
  object space 349696K, 99% used [0x00000000e0000000,0x00000000f557ff70,0x00000000f5580000)
 Metaspace       used 58930K, committed 60032K, reserved 1105920K
  class space    used 5434K, committed 5888K, reserved 1048576K
}
Event: 389.936 GC heap before
{Heap before GC invocations=354 (full 253):
 PSYoungGen      total 56832K, used 35840K [0x00000000f5580000, 0x00000000fd680000, 0x0000000100000000)
  eden space 35840K, 100% used [0x00000000f5580000,0x00000000f7880000,0x00000000f7880000)
  from space 20992K, 0% used [0x00000000fa700000,0x00000000fa700000,0x00000000fbb80000)
  to   space 47616K, 0% used [0x00000000f7880000,0x00000000f7880000,0x00000000fa700000)
 ParOldGen       total 349696K, used 349696K [0x00000000e0000000, 0x00000000f5580000, 0x00000000f5580000)
  object space 349696K, 100% used [0x00000000e0000000,0x00000000f5580000,0x00000000f5580000)
 Metaspace       used 58930K, committed 60032K, reserved 1105920K
  class space    used 5434K, committed 5888K, reserved 1048576K
}
Event: 390.956 GC heap after
{Heap after GC invocations=354 (full 253):
 PSYoungGen      total 83456K, used 35839K [0x00000000f5580000, 0x00000000fd680000, 0x0000000100000000)
  eden space 35840K, 99% used [0x00000000f5580000,0x00000000f787ff78,0x00000000f7880000)
  from space 47616K, 0% used [0x00000000f7880000,0x00000000f7880000,0x00000000fa700000)
  to   space 20992K, 0% used [0x00000000fa700000,0x00000000fa700000,0x00000000fbb80000)
 ParOldGen       total 349696K, used 349695K [0x00000000e0000000, 0x00000000f5580000, 0x00000000f5580000)
  object space 349696K, 99% used [0x00000000e0000000,0x00000000f557ff80,0x00000000f5580000)
 Metaspace       used 58930K, committed 60032K, reserved 1105920K
  class space    used 5434K, committed 5888K, reserved 1048576K
}
Event: 390.956 GC heap before
{Heap before GC invocations=355 (full 254):
 PSYoungGen      total 83456K, used 35839K [0x00000000f5580000, 0x00000000fd680000, 0x0000000100000000)
  eden space 35840K, 99% used [0x00000000f5580000,0x00000000f787ff78,0x00000000f7880000)
  from space 47616K, 0% used [0x00000000f7880000,0x00000000f7880000,0x00000000fa700000)
  to   space 20992K, 0% used [0x00000000fa700000,0x00000000fa700000,0x00000000fbb80000)
 ParOldGen       total 349696K, used 349695K [0x00000000e0000000, 0x00000000f5580000, 0x00000000f5580000)
  object space 349696K, 99% used [0x00000000e0000000,0x00000000f557ff80,0x00000000f5580000)
 Metaspace       used 58930K, committed 60032K, reserved 1105920K
  class space    used 5434K, committed 5888K, reserved 1048576K
}
Event: 392.136 GC heap after
{Heap after GC invocations=355 (full 254):
 PSYoungGen      total 56832K, used 35839K [0x00000000f5580000, 0x00000000fd680000, 0x0000000100000000)
  eden space 35840K, 99% used [0x00000000f5580000,0x00000000f787ff78,0x00000000f7880000)
  from space 20992K, 0% used [0x00000000fa700000,0x00000000fa700000,0x00000000fbb80000)
  to   space 47616K, 0% used [0x00000000f7880000,0x00000000f7880000,0x00000000fa700000)
 ParOldGen       total 349696K, used 349695K [0x00000000e0000000, 0x00000000f5580000, 0x00000000f5580000)
  object space 349696K, 99% used [0x00000000e0000000,0x00000000f557ff80,0x00000000f5580000)
 Metaspace       used 58930K, committed 60032K, reserved 1105920K
  class space    used 5434K, committed 5888K, reserved 1048576K
}

