# JRE version: OpenJDK Runtime Environment GraalVM CE 22.3.0 (17.0.5+8) (build 17.0.5+8-jvmci-22.3-b08)
# Java VM: OpenJDK 64-Bit Server VM GraalVM CE 22.3.0 (17.0.5+8-jvmci-22.3-b08, mixed mode, sharing, tiered, jvmci, jvmci compiler, compressed oops, compressed class ptrs, parallel gc, linux-amd64)
GC Precious Log:
 CPUs: 8 total, 1 available
 Memory: 1024M
 Large Page Support: Disabled
 NUMA Support: Disabled
 Compressed Oops: Enabled (32-bit)
 Alignments: Space 512K, Generation 512K, Heap 2M
 Heap Min Capacity: 100M
 Heap Initial Capacity: 100M
 Heap Max Capacity: 512M
 Pre-touch: Disabled
 Parallel Workers: 1
Heap:
 PSYoungGen      total 50176K, used 30720K [0x00000000f5580000, 0x00000000fa700000, 0x0000000100000000)
  eden space 30720K, 100% used [0x00000000f5580000,0x00000000f7380000,0x00000000f7380000)
  from space 19456K, 0% used [0x00000000f7380000,0x00000000f7380000,0x00000000f8680000)
  to   space 23552K, 0% used [0x00000000f9000000,0x00000000f9000000,0x00000000fa700000)
 ParOldGen       total 349696K, used 349695K [0x00000000e0000000, 0x00000000f5580000, 0x00000000f5580000)
  object space 349696K, 99% used [0x00000000e0000000,0x00000000f557fff8,0x00000000f5580000)
 Metaspace       used 56169K, committed 57344K, reserved 1105920K
  class space    used 5248K, committed 5760K, reserved 1048576K
GC Heap History (20 events):
Event: 1399.737 GC heap before
{Heap before GC invocations=1223 (full 1144):
 PSYoungGen      total 50176K, used 30720K [0x00000000f5580000, 0x00000000fa700000, 0x0000000100000000)
  eden space 30720K, 100% used [0x00000000f5580000,0x00000000f7380000,0x00000000f7380000)
  from space 19456K, 0% used [0x00000000f7380000,0x00000000f7380000,0x00000000f8680000)
  to   space 23552K, 0% used [0x00000000f9000000,0x00000000f9000000,0x00000000fa700000)
 ParOldGen       total 349696K, used 349695K [0x00000000e0000000, 0x00000000f5580000, 0x00000000f5580000)
  object space 349696K, 99% used [0x00000000e0000000,0x00000000f557fff8,0x00000000f5580000)
 Metaspace       used 56169K, committed 57344K, reserved 1105920K
  class space    used 5248K, committed 5760K, reserved 1048576K
}
Event: 1401.055 GC heap after
{Heap after GC invocations=1223 (full 1144):
 PSYoungGen      total 54272K, used 30720K [0x00000000f5580000, 0x00000000fa700000, 0x0000000100000000)
  eden space 30720K, 100% used [0x00000000f5580000,0x00000000f7380000,0x00000000f7380000)
  from space 23552K, 0% used [0x00000000f9000000,0x00000000f9000000,0x00000000fa700000)
  to   space 19456K, 0% used [0x00000000f7380000,0x00000000f7380000,0x00000000f8680000)
 ParOldGen       total 349696K, used 349695K [0x00000000e0000000, 0x00000000f5580000, 0x00000000f5580000)
  object space 349696K, 99% used [0x00000000e0000000,0x00000000f557fff8,0x00000000f5580000)
 Metaspace       used 56169K, committed 57344K, reserved 1105920K
  class space    used 5248K, committed 5760K, reserved 1048576K
}
Event: 1401.055 GC heap before
{Heap before GC invocations=1224 (full 1145):
 PSYoungGen      total 54272K, used 30720K [0x00000000f5580000, 0x00000000fa700000, 0x0000000100000000)
  eden space 30720K, 100% used [0x00000000f5580000,0x00000000f7380000,0x00000000f7380000)
  from space 23552K, 0% used [0x00000000f9000000,0x00000000f9000000,0x00000000fa700000)
  to   space 19456K, 0% used [0x00000000f7380000,0x00000000f7380000,0x00000000f8680000)
 ParOldGen       total 349696K, used 349695K [0x00000000e0000000, 0x00000000f5580000, 0x00000000f5580000)
  object space 349696K, 99% used [0x00000000e0000000,0x00000000f557fff8,0x00000000f5580000)
 Metaspace       used 56169K, committed 57344K, reserved 1105920K
  class space    used 5248K, committed 5760K, reserved 1048576K
}
Event: 1402.257 GC heap after
{Heap after GC invocations=1224 (full 1145):
 PSYoungGen      total 50176K, used 30720K [0x00000000f5580000, 0x00000000fa700000, 0x0000000100000000)
  eden space 30720K, 100% used [0x00000000f5580000,0x00000000f7380000,0x00000000f7380000)
  from space 19456K, 0% used [0x00000000f7380000,0x00000000f7380000,0x00000000f8680000)
  to   space 23552K, 0% used [0x00000000f9000000,0x00000000f9000000,0x00000000fa700000)
 ParOldGen       total 349696K, used 349695K [0x00000000e0000000, 0x00000000f5580000, 0x00000000f5580000)
  object space 349696K, 99% used [0x00000000e0000000,0x00000000f557fff8,0x00000000f5580000)
 Metaspace       used 56169K, committed 57344K, reserved 1105920K
  class space    used 5248K, committed 5760K, reserved 1048576K
}
Event: 1402.257 GC heap before
{Heap before GC invocations=1225 (full 1146):
 PSYoungGen      total 50176K, used 30720K [0x00000000f5580000, 0x00000000fa700000, 0x0000000100000000)
  eden space 30720K, 100% used [0x00000000f5580000,0x00000000f7380000,0x00000000f7380000)
  from space 19456K, 0% used [0x00000000f7380000,0x00000000f7380000,0x00000000f8680000)
  to   space 23552K, 0% used [0x00000000f9000000,0x00000000f9000000,0x00000000fa700000)
 ParOldGen       total 349696K, used 349695K [0x00000000e0000000, 0x00000000f5580000, 0x00000000f5580000)
  object space 349696K, 99% used [0x00000000e0000000,0x00000000f557fff8,0x00000000f5580000)
 Metaspace       used 56169K, committed 57344K, reserved 1105920K
  class space    used 5248K, committed 5760K, reserved 1048576K
}
Event: 1403.371 GC heap after
{Heap after GC invocations=1225 (full 1146):
 PSYoungGen      total 54272K, used 30720K [0x00000000f5580000, 0x00000000fa700000, 0x0000000100000000)
  eden space 30720K, 100% used [0x00000000f5580000,0x00000000f7380000,0x00000000f7380000)
  from space 23552K, 0% used [0x00000000f9000000,0x00000000f9000000,0x00000000fa700000)
  to   space 19456K, 0% used [0x00000000f7380000,0x00000000f7380000,0x00000000f8680000)
 ParOldGen       total 349696K, used 349695K [0x00000000e0000000, 0x00000000f5580000, 0x00000000f5580000)
  object space 349696K, 99% used [0x00000000e0000000,0x00000000f557fe10,0x00000000f5580000)
 Metaspace       used 56169K, committed 57344K, reserved 1105920K
  class space    used 5248K, committed 5760K, reserved 1048576K
}
Event: 1403.371 GC heap before
{Heap before GC invocations=1226 (full 1147):
 PSYoungGen      total 54272K, used 30720K [0x00000000f5580000, 0x00000000fa700000, 0x0000000100000000)
  eden space 30720K, 100% used [0x00000000f5580000,0x00000000f7380000,0x00000000f7380000)
  from space 23552K, 0% used [0x00000000f9000000,0x00000000f9000000,0x00000000fa700000)
  to   space 19456K, 0% used [0x00000000f7380000,0x00000000f7380000,0x00000000f8680000)
 ParOldGen       total 349696K, used 349695K [0x00000000e0000000, 0x00000000f5580000, 0x00000000f5580000)
  object space 349696K, 99% used [0x00000000e0000000,0x00000000f557ffa0,0x00000000f5580000)
 Metaspace       used 56169K, committed 57344K, reserved 1105920K
  class space    used 5248K, committed 5760K, reserved 1048576K
}
Event: 1404.588 GC heap after
{Heap after GC invocations=1226 (full 1147):
 PSYoungGen      total 50176K, used 30720K [0x00000000f5580000, 0x00000000fa700000, 0x0000000100000000)
  eden space 30720K, 100% used [0x00000000f5580000,0x00000000f7380000,0x00000000f7380000)
  from space 19456K, 0% used [0x00000000f7380000,0x00000000f7380000,0x00000000f8680000)
  to   space 23552K, 0% used [0x00000000f9000000,0x00000000f9000000,0x00000000fa700000)
 ParOldGen       total 349696K, used 349695K [0x00000000e0000000, 0x00000000f5580000, 0x00000000f5580000)
  object space 349696K, 99% used [0x00000000e0000000,0x00000000f557ff68,0x00000000f5580000)
 Metaspace       used 56169K, committed 57344K, reserved 1105920K
  class space    used 5248K, committed 5760K, reserved 1048576K
}
Event: 1404.590 GC heap before
{Heap before GC invocations=1227 (full 1148):
 PSYoungGen      total 50176K, used 30720K [0x00000000f5580000, 0x00000000fa700000, 0x0000000100000000)
  eden space 30720K, 100% used [0x00000000f5580000,0x00000000f7380000,0x00000000f7380000)
  from space 19456K, 0% used [0x00000000f7380000,0x00000000f7380000,0x00000000f8680000)
  to   space 23552K, 0% used [0x00000000f9000000,0x00000000f9000000,0x00000000fa700000)
 ParOldGen       total 349696K, used 349695K [0x00000000e0000000, 0x00000000f5580000, 0x00000000f5580000)
  object space 349696K, 99% used [0x00000000e0000000,0x00000000f557ffe8,0x00000000f5580000)
 Metaspace       used 56169K, committed 57344K, reserved 1105920K
  class space    used 5248K, committed 5760K, reserved 1048576K
}
Event: 1405.756 GC heap after
{Heap after GC invocations=1227 (full 1148):
 PSYoungGen      total 54272K, used 30720K [0x00000000f5580000, 0x00000000fa700000, 0x0000000100000000)
  eden space 30720K, 100% used [0x00000000f5580000,0x00000000f7380000,0x00000000f7380000)
  from space 23552K, 0% used [0x00000000f9000000,0x00000000f9000000,0x00000000fa700000)
  to   space 19456K, 0% used [0x00000000f7380000,0x00000000f7380000,0x00000000f8680000)
 ParOldGen       total 349696K, used 349695K [0x00000000e0000000, 0x00000000f5580000, 0x00000000f5580000)
  object space 349696K, 99% used [0x00000000e0000000,0x00000000f557ffa8,0x00000000f5580000)
 Metaspace       used 56169K, committed 57344K, reserved 1105920K
  class space    used 5248K, committed 5760K, reserved 1048576K
}
Event: 1405.757 GC heap before
{Heap before GC invocations=1228 (full 1149):
 PSYoungGen      total 54272K, used 30720K [0x00000000f5580000, 0x00000000fa700000, 0x0000000100000000)
  eden space 30720K, 100% used [0x00000000f5580000,0x00000000f7380000,0x00000000f7380000)
  from space 23552K, 0% used [0x00000000f9000000,0x00000000f9000000,0x00000000fa700000)
  to   space 19456K, 0% used [0x00000000f7380000,0x00000000f7380000,0x00000000f8680000)
 ParOldGen       total 349696K, used 349695K [0x00000000e0000000, 0x00000000f5580000, 0x00000000f5580000)
  object space 349696K, 99% used [0x00000000e0000000,0x00000000f557fff8,0x00000000f5580000)
 Metaspace       used 56169K, committed 57344K, reserved 1105920K
  class space    used 5248K, committed 5760K, reserved 1048576K
}
Event: 1406.992 GC heap after
{Heap after GC invocations=1228 (full 1149):
 PSYoungGen      total 50176K, used 30720K [0x00000000f5580000, 0x00000000fa700000, 0x0000000100000000)
  eden space 30720K, 100% used [0x00000000f5580000,0x00000000f7380000,0x00000000f7380000)
  from space 19456K, 0% used [0x00000000f7380000,0x00000000f7380000,0x00000000f8680000)
  to   space 23552K, 0% used [0x00000000f9000000,0x00000000f9000000,0x00000000fa700000)
 ParOldGen       total 349696K, used 349695K [0x00000000e0000000, 0x00000000f5580000, 0x00000000f5580000)
  object space 349696K, 99% used [0x00000000e0000000,0x00000000f557fff8,0x00000000f5580000)
 Metaspace       used 56169K, committed 57344K, reserved 1105920K
  class space    used 5248K, committed 5760K, reserved 1048576K
}
Event: 1406.992 GC heap before
{Heap before GC invocations=1229 (full 1150):
 PSYoungGen      total 50176K, used 30720K [0x00000000f5580000, 0x00000000fa700000, 0x0000000100000000)
  eden space 30720K, 100% used [0x00000000f5580000,0x00000000f7380000,0x00000000f7380000)
  from space 19456K, 0% used [0x00000000f7380000,0x00000000f7380000,0x00000000f8680000)
  to   space 23552K, 0% used [0x00000000f9000000,0x00000000f9000000,0x00000000fa700000)
 ParOldGen       total 349696K, used 349695K [0x00000000e0000000, 0x00000000f5580000, 0x00000000f5580000)
  object space 349696K, 99% used [0x00000000e0000000,0x00000000f557fff8,0x00000000f5580000)
 Metaspace       used 56169K, committed 57344K, reserved 1105920K
  class space    used 5248K, committed 5760K, reserved 1048576K
}
Event: 1408.800 GC heap after
{Heap after GC invocations=1229 (full 1150):
 PSYoungGen      total 54272K, used 30720K [0x00000000f5580000, 0x00000000fa700000, 0x0000000100000000)
  eden space 30720K, 100% used [0x00000000f5580000,0x00000000f7380000,0x00000000f7380000)
  from space 23552K, 0% used [0x00000000f9000000,0x00000000f9000000,0x00000000fa700000)
  to   space 19456K, 0% used [0x00000000f7380000,0x00000000f7380000,0x00000000f8680000)
 ParOldGen       total 349696K, used 349695K [0x00000000e0000000, 0x00000000f5580000, 0x00000000f5580000)
  object space 349696K, 99% used [0x00000000e0000000,0x00000000f557fff8,0x00000000f5580000)
 Metaspace       used 56169K, committed 57344K, reserved 1105920K
  class space    used 5248K, committed 5760K, reserved 1048576K
}
Event: 1408.802 GC heap before
{Heap before GC invocations=1230 (full 1151):
 PSYoungGen      total 54272K, used 30720K [0x00000000f5580000, 0x00000000fa700000, 0x0000000100000000)
  eden space 30720K, 100% used [0x00000000f5580000,0x00000000f7380000,0x00000000f7380000)
  from space 23552K, 0% used [0x00000000f9000000,0x00000000f9000000,0x00000000fa700000)
  to   space 19456K, 0% used [0x00000000f7380000,0x00000000f7380000,0x00000000f8680000)
 ParOldGen       total 349696K, used 349695K [0x00000000e0000000, 0x00000000f5580000, 0x00000000f5580000)
  object space 349696K, 99% used [0x00000000e0000000,0x00000000f557fff8,0x00000000f5580000)
 Metaspace       used 56169K, committed 57344K, reserved 1105920K
  class space    used 5248K, committed 5760K, reserved 1048576K
}
Event: 1410.334 GC heap after
{Heap after GC invocations=1230 (full 1151):
 PSYoungGen      total 50176K, used 30719K [0x00000000f5580000, 0x00000000fa700000, 0x0000000100000000)
  eden space 30720K, 99% used [0x00000000f5580000,0x00000000f737ffe0,0x00000000f7380000)
  from space 19456K, 0% used [0x00000000f7380000,0x00000000f7380000,0x00000000f8680000)
  to   space 23552K, 0% used [0x00000000f9000000,0x00000000f9000000,0x00000000fa700000)
 ParOldGen       total 349696K, used 349695K [0x00000000e0000000, 0x00000000f5580000, 0x00000000f5580000)
  object space 349696K, 99% used [0x00000000e0000000,0x00000000f557ffd8,0x00000000f5580000)
 Metaspace       used 56169K, committed 57344K, reserved 1105920K
  class space    used 5248K, committed 5760K, reserved 1048576K
}
Event: 1410.339 GC heap before
{Heap before GC invocations=1231 (full 1152):
 PSYoungGen      total 50176K, used 30720K [0x00000000f5580000, 0x00000000fa700000, 0x0000000100000000)
  eden space 30720K, 100% used [0x00000000f5580000,0x00000000f7380000,0x00000000f7380000)
  from space 19456K, 0% used [0x00000000f7380000,0x00000000f7380000,0x00000000f8680000)
  to   space 23552K, 0% used [0x00000000f9000000,0x00000000f9000000,0x00000000fa700000)
 ParOldGen       total 349696K, used 349695K [0x00000000e0000000, 0x00000000f5580000, 0x00000000f5580000)
  object space 349696K, 99% used [0x00000000e0000000,0x00000000f557ffd8,0x00000000f5580000)
 Metaspace       used 56169K, committed 57344K, reserved 1105920K
  class space    used 5248K, committed 5760K, reserved 1048576K
}
Event: 1411.931 GC heap after
{Heap after GC invocations=1231 (full 1152):
 PSYoungGen      total 54272K, used 30720K [0x00000000f5580000, 0x00000000fa700000, 0x0000000100000000)
  eden space 30720K, 100% used [0x00000000f5580000,0x00000000f7380000,0x00000000f7380000)
  from space 23552K, 0% used [0x00000000f9000000,0x00000000f9000000,0x00000000fa700000)
  to   space 19456K, 0% used [0x00000000f7380000,0x00000000f7380000,0x00000000f8680000)
 ParOldGen       total 349696K, used 349695K [0x00000000e0000000, 0x00000000f5580000, 0x00000000f5580000)
  object space 349696K, 99% used [0x00000000e0000000,0x00000000f557ffd8,0x00000000f5580000)
 Metaspace       used 56169K, committed 57344K, reserved 1105920K
  class space    used 5248K, committed 5760K, reserved 1048576K
}
Event: 1411.931 GC heap before
{Heap before GC invocations=1232 (full 1153):
 PSYoungGen      total 54272K, used 30720K [0x00000000f5580000, 0x00000000fa700000, 0x0000000100000000)
  eden space 30720K, 100% used [0x00000000f5580000,0x00000000f7380000,0x00000000f7380000)
  from space 23552K, 0% used [0x00000000f9000000,0x00000000f9000000,0x00000000fa700000)
  to   space 19456K, 0% used [0x00000000f7380000,0x00000000f7380000,0x00000000f8680000)
 ParOldGen       total 349696K, used 349695K [0x00000000e0000000, 0x00000000f5580000, 0x00000000f5580000)
  object space 349696K, 99% used [0x00000000e0000000,0x00000000f557ffd8,0x00000000f5580000)
 Metaspace       used 56169K, committed 57344K, reserved 1105920K
  class space    used 5248K, committed 5760K, reserved 1048576K
}
Event: 1413.158 GC heap after
{Heap after GC invocations=1232 (full 1153):
 PSYoungGen      total 50176K, used 30720K [0x00000000f5580000, 0x00000000fa700000, 0x0000000100000000)
  eden space 30720K, 100% used [0x00000000f5580000,0x00000000f7380000,0x00000000f7380000)
  from space 19456K, 0% used [0x00000000f7380000,0x00000000f7380000,0x00000000f8680000)
  to   space 23552K, 0% used [0x00000000f9000000,0x00000000f9000000,0x00000000fa700000)
 ParOldGen       total 349696K, used 349695K [0x00000000e0000000, 0x00000000f5580000, 0x00000000f5580000)
  object space 349696K, 99% used [0x00000000e0000000,0x00000000f557ffd8,0x00000000f5580000)
 Metaspace       used 56169K, committed 57344K, reserved 1105920K
  class space    used 5248K, committed 5760K, reserved 1048576K
}

