# JRE version: OpenJDK Runtime Environment GraalVM CE 22.3.0 (17.0.5+8) (build 17.0.5+8-jvmci-22.3-b08)
# Java VM: OpenJDK 64-Bit Server VM GraalVM CE 22.3.0 (17.0.5+8-jvmci-22.3-b08, mixed mode, sharing, tiered, jvmci, jvmci compiler, compressed oops, compressed class ptrs, parallel gc, linux-amd64)
GC Precious Log:
 CPUs: 8 total, 1 available
 Memory: 1024M
 Large Page Support: Disabled
 NUMA Support: Disabled
 Compressed Oops: Enabled (32-bit)
 Alignments: Space 512K, Generation 512K, Heap 2M
 Heap Min Capacity: 100M
 Heap Initial Capacity: 100M
 Heap Max Capacity: 512M
 Pre-touch: Disabled
 Parallel Workers: 1
Heap:
 PSYoungGen      total 70144K, used 47616K [0x00000000f5580000, 0x00000000fb180000, 0x0000000100000000)
  eden space 47616K, 100% used [0x00000000f5580000,0x00000000f8400000,0x00000000f8400000)
  from space 22528K, 0% used [0x00000000f8400000,0x00000000f8400000,0x00000000f9a00000)
  to   space 21504K, 0% used [0x00000000f9a00000,0x00000000f9a00000,0x00000000faf00000)
 ParOldGen       total 349696K, used 349693K [0x00000000e0000000, 0x00000000f5580000, 0x00000000f5580000)
  object space 349696K, 99% used [0x00000000e0000000,0x00000000f557f658,0x00000000f5580000)
 Metaspace       used 61649K, committed 62784K, reserved 1105920K
  class space    used 5961K, committed 6464K, reserved 1048576K
GC Heap History (20 events):
Event: 784.495 GC heap before
{Heap before GC invocations=755 (full 630):
 PSYoungGen      total 70144K, used 47615K [0x00000000f5580000, 0x00000000fb180000, 0x0000000100000000)
  eden space 47616K, 99% used [0x00000000f5580000,0x00000000f83fffe8,0x00000000f8400000)
  from space 22528K, 0% used [0x00000000f8400000,0x00000000f8400000,0x00000000f9a00000)
  to   space 21504K, 0% used [0x00000000f9a00000,0x00000000f9a00000,0x00000000faf00000)
 ParOldGen       total 349696K, used 349688K [0x00000000e0000000, 0x00000000f5580000, 0x00000000f5580000)
  object space 349696K, 99% used [0x00000000e0000000,0x00000000f557e1a0,0x00000000f5580000)
 Metaspace       used 61646K, committed 62784K, reserved 1105920K
  class space    used 5960K, committed 6464K, reserved 1048576K
}
Event: 785.531 GC heap after
{Heap after GC invocations=755 (full 630):
 PSYoungGen      total 69120K, used 47615K [0x00000000f5580000, 0x00000000fb180000, 0x0000000100000000)
  eden space 47616K, 99% used [0x00000000f5580000,0x00000000f83fffc8,0x00000000f8400000)
  from space 21504K, 0% used [0x00000000f9a00000,0x00000000f9a00000,0x00000000faf00000)
  to   space 22528K, 0% used [0x00000000f8400000,0x00000000f8400000,0x00000000f9a00000)
 ParOldGen       total 349696K, used 349688K [0x00000000e0000000, 0x00000000f5580000, 0x00000000f5580000)
  object space 349696K, 99% used [0x00000000e0000000,0x00000000f557e1a0,0x00000000f5580000)
 Metaspace       used 61646K, committed 62784K, reserved 1105920K
  class space    used 5960K, committed 6464K, reserved 1048576K
}
Event: 785.531 GC heap before
{Heap before GC invocations=756 (full 631):
 PSYoungGen      total 69120K, used 47615K [0x00000000f5580000, 0x00000000fb180000, 0x0000000100000000)
  eden space 47616K, 99% used [0x00000000f5580000,0x00000000f83ffff0,0x00000000f8400000)
  from space 21504K, 0% used [0x00000000f9a00000,0x00000000f9a00000,0x00000000faf00000)
  to   space 22528K, 0% used [0x00000000f8400000,0x00000000f8400000,0x00000000f9a00000)
 ParOldGen       total 349696K, used 349688K [0x00000000e0000000, 0x00000000f5580000, 0x00000000f5580000)
  object space 349696K, 99% used [0x00000000e0000000,0x00000000f557e1a0,0x00000000f5580000)
 Metaspace       used 61646K, committed 62784K, reserved 1105920K
  class space    used 5960K, committed 6464K, reserved 1048576K
}
Event: 786.607 GC heap after
{Heap after GC invocations=756 (full 631):
 PSYoungGen      total 70144K, used 47615K [0x00000000f5580000, 0x00000000fb180000, 0x0000000100000000)
  eden space 47616K, 99% used [0x00000000f5580000,0x00000000f83fffc8,0x00000000f8400000)
  from space 22528K, 0% used [0x00000000f8400000,0x00000000f8400000,0x00000000f9a00000)
  to   space 21504K, 0% used [0x00000000f9a00000,0x00000000f9a00000,0x00000000faf00000)
 ParOldGen       total 349696K, used 349688K [0x00000000e0000000, 0x00000000f5580000, 0x00000000f5580000)
  object space 349696K, 99% used [0x00000000e0000000,0x00000000f557e180,0x00000000f5580000)
 Metaspace       used 61646K, committed 62784K, reserved 1105920K
  class space    used 5960K, committed 6464K, reserved 1048576K
}
Event: 786.607 GC heap before
{Heap before GC invocations=757 (full 632):
 PSYoungGen      total 70144K, used 47615K [0x00000000f5580000, 0x00000000fb180000, 0x0000000100000000)
  eden space 47616K, 99% used [0x00000000f5580000,0x00000000f83fffe8,0x00000000f8400000)
  from space 22528K, 0% used [0x00000000f8400000,0x00000000f8400000,0x00000000f9a00000)
  to   space 21504K, 0% used [0x00000000f9a00000,0x00000000f9a00000,0x00000000faf00000)
 ParOldGen       total 349696K, used 349688K [0x00000000e0000000, 0x00000000f5580000, 0x00000000f5580000)
  object space 349696K, 99% used [0x00000000e0000000,0x00000000f557e180,0x00000000f5580000)
 Metaspace       used 61646K, committed 62784K, reserved 1105920K
  class space    used 5960K, committed 6464K, reserved 1048576K
}
Event: 787.523 GC heap after
{Heap after GC invocations=757 (full 632):
 PSYoungGen      total 69120K, used 47615K [0x00000000f5580000, 0x00000000fb180000, 0x0000000100000000)
  eden space 47616K, 99% used [0x00000000f5580000,0x00000000f83fffe8,0x00000000f8400000)
  from space 21504K, 0% used [0x00000000f9a00000,0x00000000f9a00000,0x00000000faf00000)
  to   space 22528K, 0% used [0x00000000f8400000,0x00000000f8400000,0x00000000f9a00000)
 ParOldGen       total 349696K, used 349688K [0x00000000e0000000, 0x00000000f5580000, 0x00000000f5580000)
  object space 349696K, 99% used [0x00000000e0000000,0x00000000f557e160,0x00000000f5580000)
 Metaspace       used 61646K, committed 62784K, reserved 1105920K
  class space    used 5960K, committed 6464K, reserved 1048576K
}
Event: 787.523 GC heap before
{Heap before GC invocations=758 (full 633):
 PSYoungGen      total 69120K, used 47616K [0x00000000f5580000, 0x00000000fb180000, 0x0000000100000000)
  eden space 47616K, 100% used [0x00000000f5580000,0x00000000f8400000,0x00000000f8400000)
  from space 21504K, 0% used [0x00000000f9a00000,0x00000000f9a00000,0x00000000faf00000)
  to   space 22528K, 0% used [0x00000000f8400000,0x00000000f8400000,0x00000000f9a00000)
 ParOldGen       total 349696K, used 349691K [0x00000000e0000000, 0x00000000f5580000, 0x00000000f5580000)
  object space 349696K, 99% used [0x00000000e0000000,0x00000000f557efa0,0x00000000f5580000)
 Metaspace       used 61646K, committed 62784K, reserved 1105920K
  class space    used 5960K, committed 6464K, reserved 1048576K
}
Event: 788.629 GC heap after
{Heap after GC invocations=758 (full 633):
 PSYoungGen      total 70144K, used 47615K [0x00000000f5580000, 0x00000000fb180000, 0x0000000100000000)
  eden space 47616K, 99% used [0x00000000f5580000,0x00000000f83fffe8,0x00000000f8400000)
  from space 22528K, 0% used [0x00000000f8400000,0x00000000f8400000,0x00000000f9a00000)
  to   space 21504K, 0% used [0x00000000f9a00000,0x00000000f9a00000,0x00000000faf00000)
 ParOldGen       total 349696K, used 349689K [0x00000000e0000000, 0x00000000f5580000, 0x00000000f5580000)
  object space 349696K, 99% used [0x00000000e0000000,0x00000000f557e798,0x00000000f5580000)
 Metaspace       used 61646K, committed 62784K, reserved 1105920K
  class space    used 5960K, committed 6464K, reserved 1048576K
}
Event: 788.630 GC heap before
{Heap before GC invocations=759 (full 634):
 PSYoungGen      total 70144K, used 47616K [0x00000000f5580000, 0x00000000fb180000, 0x0000000100000000)
  eden space 47616K, 100% used [0x00000000f5580000,0x00000000f8400000,0x00000000f8400000)
  from space 22528K, 0% used [0x00000000f8400000,0x00000000f8400000,0x00000000f9a00000)
  to   space 21504K, 0% used [0x00000000f9a00000,0x00000000f9a00000,0x00000000faf00000)
 ParOldGen       total 349696K, used 349693K [0x00000000e0000000, 0x00000000f5580000, 0x00000000f5580000)
  object space 349696K, 99% used [0x00000000e0000000,0x00000000f557f7b8,0x00000000f5580000)
 Metaspace       used 61649K, committed 62784K, reserved 1105920K
  class space    used 5961K, committed 6464K, reserved 1048576K
}
Event: 789.724 GC heap after
{Heap after GC invocations=759 (full 634):
 PSYoungGen      total 69120K, used 47615K [0x00000000f5580000, 0x00000000fb180000, 0x0000000100000000)
  eden space 47616K, 99% used [0x00000000f5580000,0x00000000f83fffe8,0x00000000f8400000)
  from space 21504K, 0% used [0x00000000f9a00000,0x00000000f9a00000,0x00000000faf00000)
  to   space 22528K, 0% used [0x00000000f8400000,0x00000000f8400000,0x00000000f9a00000)
 ParOldGen       total 349696K, used 349690K [0x00000000e0000000, 0x00000000f5580000, 0x00000000f5580000)
  object space 349696K, 99% used [0x00000000e0000000,0x00000000f557ebc8,0x00000000f5580000)
 Metaspace       used 61649K, committed 62784K, reserved 1105920K
  class space    used 5961K, committed 6464K, reserved 1048576K
}
Event: 789.724 GC heap before
{Heap before GC invocations=760 (full 635):
 PSYoungGen      total 69120K, used 47615K [0x00000000f5580000, 0x00000000fb180000, 0x0000000100000000)
  eden space 47616K, 99% used [0x00000000f5580000,0x00000000f83ffff8,0x00000000f8400000)
  from space 21504K, 0% used [0x00000000f9a00000,0x00000000f9a00000,0x00000000faf00000)
  to   space 22528K, 0% used [0x00000000f8400000,0x00000000f8400000,0x00000000f9a00000)
 ParOldGen       total 349696K, used 349690K [0x00000000e0000000, 0x00000000f5580000, 0x00000000f5580000)
  object space 349696K, 99% used [0x00000000e0000000,0x00000000f557ebc8,0x00000000f5580000)
 Metaspace       used 61649K, committed 62784K, reserved 1105920K
  class space    used 5961K, committed 6464K, reserved 1048576K
}
Event: 790.821 GC heap after
{Heap after GC invocations=760 (full 635):
 PSYoungGen      total 70144K, used 47615K [0x00000000f5580000, 0x00000000fb180000, 0x0000000100000000)
  eden space 47616K, 99% used [0x00000000f5580000,0x00000000f83ffff8,0x00000000f8400000)
  from space 22528K, 0% used [0x00000000f8400000,0x00000000f8400000,0x00000000f9a00000)
  to   space 21504K, 0% used [0x00000000f9a00000,0x00000000f9a00000,0x00000000faf00000)
 ParOldGen       total 349696K, used 349690K [0x00000000e0000000, 0x00000000f5580000, 0x00000000f5580000)
  object space 349696K, 99% used [0x00000000e0000000,0x00000000f557ebb8,0x00000000f5580000)
 Metaspace       used 61649K, committed 62784K, reserved 1105920K
  class space    used 5961K, committed 6464K, reserved 1048576K
}
Event: 790.822 GC heap before
{Heap before GC invocations=761 (full 636):
 PSYoungGen      total 70144K, used 47615K [0x00000000f5580000, 0x00000000fb180000, 0x0000000100000000)
  eden space 47616K, 99% used [0x00000000f5580000,0x00000000f83ffff8,0x00000000f8400000)
  from space 22528K, 0% used [0x00000000f8400000,0x00000000f8400000,0x00000000f9a00000)
  to   space 21504K, 0% used [0x00000000f9a00000,0x00000000f9a00000,0x00000000faf00000)
 ParOldGen       total 349696K, used 349694K [0x00000000e0000000, 0x00000000f5580000, 0x00000000f5580000)
  object space 349696K, 99% used [0x00000000e0000000,0x00000000f557fbd8,0x00000000f5580000)
 Metaspace       used 61649K, committed 62784K, reserved 1105920K
  class space    used 5961K, committed 6464K, reserved 1048576K
}
Event: 792.022 GC heap after
{Heap after GC invocations=761 (full 636):
 PSYoungGen      total 69120K, used 47615K [0x00000000f5580000, 0x00000000fb180000, 0x0000000100000000)
  eden space 47616K, 99% used [0x00000000f5580000,0x00000000f83ffff8,0x00000000f8400000)
  from space 21504K, 0% used [0x00000000f9a00000,0x00000000f9a00000,0x00000000faf00000)
  to   space 22528K, 0% used [0x00000000f8400000,0x00000000f8400000,0x00000000f9a00000)
 ParOldGen       total 349696K, used 349692K [0x00000000e0000000, 0x00000000f5580000, 0x00000000f5580000)
  object space 349696K, 99% used [0x00000000e0000000,0x00000000f557f078,0x00000000f5580000)
 Metaspace       used 61649K, committed 62784K, reserved 1105920K
  class space    used 5961K, committed 6464K, reserved 1048576K
}
Event: 792.023 GC heap before
{Heap before GC invocations=762 (full 637):
 PSYoungGen      total 69120K, used 47615K [0x00000000f5580000, 0x00000000fb180000, 0x0000000100000000)
  eden space 47616K, 99% used [0x00000000f5580000,0x00000000f83ffff8,0x00000000f8400000)
  from space 21504K, 0% used [0x00000000f9a00000,0x00000000f9a00000,0x00000000faf00000)
  to   space 22528K, 0% used [0x00000000f8400000,0x00000000f8400000,0x00000000f9a00000)
 ParOldGen       total 349696K, used 349694K [0x00000000e0000000, 0x00000000f5580000, 0x00000000f5580000)
  object space 349696K, 99% used [0x00000000e0000000,0x00000000f557fbf0,0x00000000f5580000)
 Metaspace       used 61649K, committed 62784K, reserved 1105920K
  class space    used 5961K, committed 6464K, reserved 1048576K
}
Event: 793.309 GC heap after
{Heap after GC invocations=762 (full 637):
 PSYoungGen      total 70144K, used 47615K [0x00000000f5580000, 0x00000000fb180000, 0x0000000100000000)
  eden space 47616K, 99% used [0x00000000f5580000,0x00000000f83fffb0,0x00000000f8400000)
  from space 22528K, 0% used [0x00000000f8400000,0x00000000f8400000,0x00000000f9a00000)
  to   space 21504K, 0% used [0x00000000f9a00000,0x00000000f9a00000,0x00000000faf00000)
 ParOldGen       total 349696K, used 349692K [0x00000000e0000000, 0x00000000f5580000, 0x00000000f5580000)
  object space 349696K, 99% used [0x00000000e0000000,0x00000000f557f2c8,0x00000000f5580000)
 Metaspace       used 61649K, committed 62784K, reserved 1105920K
  class space    used 5961K, committed 6464K, reserved 1048576K
}
Event: 793.309 GC heap before
{Heap before GC invocations=763 (full 638):
 PSYoungGen      total 70144K, used 47615K [0x00000000f5580000, 0x00000000fb180000, 0x0000000100000000)
  eden space 47616K, 99% used [0x00000000f5580000,0x00000000f83ffff8,0x00000000f8400000)
  from space 22528K, 0% used [0x00000000f8400000,0x00000000f8400000,0x00000000f9a00000)
  to   space 21504K, 0% used [0x00000000f9a00000,0x00000000f9a00000,0x00000000faf00000)
 ParOldGen       total 349696K, used 349694K [0x00000000e0000000, 0x00000000f5580000, 0x00000000f5580000)
  object space 349696K, 99% used [0x00000000e0000000,0x00000000f557faa0,0x00000000f5580000)
 Metaspace       used 61649K, committed 62784K, reserved 1105920K
  class space    used 5961K, committed 6464K, reserved 1048576K
}
Event: 794.389 GC heap after
{Heap after GC invocations=763 (full 638):
 PSYoungGen      total 69120K, used 47615K [0x00000000f5580000, 0x00000000fb180000, 0x0000000100000000)
  eden space 47616K, 99% used [0x00000000f5580000,0x00000000f83fffe8,0x00000000f8400000)
  from space 21504K, 0% used [0x00000000f9a00000,0x00000000f9a00000,0x00000000faf00000)
  to   space 22528K, 0% used [0x00000000f8400000,0x00000000f8400000,0x00000000f9a00000)
 ParOldGen       total 349696K, used 349693K [0x00000000e0000000, 0x00000000f5580000, 0x00000000f5580000)
  object space 349696K, 99% used [0x00000000e0000000,0x00000000f557f7c0,0x00000000f5580000)
 Metaspace       used 61649K, committed 62784K, reserved 1105920K
  class space    used 5961K, committed 6464K, reserved 1048576K
}
Event: 794.389 GC heap before
{Heap before GC invocations=764 (full 639):
 PSYoungGen      total 69120K, used 47615K [0x00000000f5580000, 0x00000000fb180000, 0x0000000100000000)
  eden space 47616K, 99% used [0x00000000f5580000,0x00000000f83fffe8,0x00000000f8400000)
  from space 21504K, 0% used [0x00000000f9a00000,0x00000000f9a00000,0x00000000faf00000)
  to   space 22528K, 0% used [0x00000000f8400000,0x00000000f8400000,0x00000000f9a00000)
 ParOldGen       total 349696K, used 349693K [0x00000000e0000000, 0x00000000f5580000, 0x00000000f5580000)
  object space 349696K, 99% used [0x00000000e0000000,0x00000000f557f7c0,0x00000000f5580000)
 Metaspace       used 61649K, committed 62784K, reserved 1105920K
  class space    used 5961K, committed 6464K, reserved 1048576K
}
Event: 795.525 GC heap after
{Heap after GC invocations=764 (full 639):
 PSYoungGen      total 70144K, used 47615K [0x00000000f5580000, 0x00000000fb180000, 0x0000000100000000)
  eden space 47616K, 99% used [0x00000000f5580000,0x00000000f83fffa8,0x00000000f8400000)
  from space 22528K, 0% used [0x00000000f8400000,0x00000000f8400000,0x00000000f9a00000)
  to   space 21504K, 0% used [0x00000000f9a00000,0x00000000f9a00000,0x00000000faf00000)
 ParOldGen       total 349696K, used 349693K [0x00000000e0000000, 0x00000000f5580000, 0x00000000f5580000)
  object space 349696K, 99% used [0x00000000e0000000,0x00000000f557f568,0x00000000f5580000)
 Metaspace       used 61649K, committed 62784K, reserved 1105920K
  class space    used 5961K, committed 6464K, reserved 1048576K
}

