# JRE version: OpenJDK Runtime Environment GraalVM CE 22.3.0 (17.0.5+8) (build 17.0.5+8-jvmci-22.3-b08)
# Java VM: OpenJDK 64-Bit Server VM GraalVM CE 22.3.0 (17.0.5+8-jvmci-22.3-b08, mixed mode, sharing, tiered, jvmci, jvmci compiler, compressed oops, compressed class ptrs, parallel gc, linux-amd64)
GC Precious Log:
 CPUs: 8 total, 1 available
 Memory: 1024M
 Large Page Support: Disabled
 NUMA Support: Disabled
 Compressed Oops: Enabled (32-bit)
 Alignments: Space 512K, Generation 512K, Heap 2M
 Heap Min Capacity: 100M
 Heap Initial Capacity: 100M
 Heap Max Capacity: 512M
 Pre-touch: Disabled
 Parallel Workers: 1
Heap:
 PSYoungGen      total 32768K, used 24575K [0x00000000f5580000, 0x00000000f7e80000, 0x0000000100000000)
  eden space 24576K, 99% used [0x00000000f5580000,0x00000000f6d7fff8,0x00000000f6d80000)
  from space 8192K, 0% used [0x00000000f6d80000,0x00000000f6d80000,0x00000000f7580000)
  to   space 4608K, 0% used [0x00000000f7900000,0x00000000f7900000,0x00000000f7d80000)
 ParOldGen       total 349696K, used 349693K [0x00000000e0000000, 0x00000000f5580000, 0x00000000f5580000)
  object space 349696K, 99% used [0x00000000e0000000,0x00000000f557f7f8,0x00000000f5580000)
 Metaspace       used 66568K, committed 67648K, reserved 1114112K
  class space    used 6224K, committed 6720K, reserved 1048576K
GC Heap History (20 events):
Event: 1498.728 GC heap before
{Heap before GC invocations=899 (full 754):
 PSYoungGen      total 32768K, used 24575K [0x00000000f5580000, 0x00000000f7e80000, 0x0000000100000000)
  eden space 24576K, 99% used [0x00000000f5580000,0x00000000f6d7fff8,0x00000000f6d80000)
  from space 8192K, 0% used [0x00000000f6d80000,0x00000000f6d80000,0x00000000f7580000)
  to   space 4608K, 0% used [0x00000000f7900000,0x00000000f7900000,0x00000000f7d80000)
 ParOldGen       total 349696K, used 349696K [0x00000000e0000000, 0x00000000f5580000, 0x00000000f5580000)
  object space 349696K, 100% used [0x00000000e0000000,0x00000000f5580000,0x00000000f5580000)
 Metaspace       used 66568K, committed 67648K, reserved 1114112K
  class space    used 6224K, committed 6720K, reserved 1048576K
}
Event: 1501.487 GC heap after
{Heap after GC invocations=899 (full 754):
 PSYoungGen      total 29184K, used 24575K [0x00000000f5580000, 0x00000000f7e80000, 0x0000000100000000)
  eden space 24576K, 99% used [0x00000000f5580000,0x00000000f6d7fff8,0x00000000f6d80000)
  from space 4608K, 0% used [0x00000000f7900000,0x00000000f7900000,0x00000000f7d80000)
  to   space 8192K, 0% used [0x00000000f6d80000,0x00000000f6d80000,0x00000000f7580000)
 ParOldGen       total 349696K, used 349696K [0x00000000e0000000, 0x00000000f5580000, 0x00000000f5580000)
  object space 349696K, 100% used [0x00000000e0000000,0x00000000f5580000,0x00000000f5580000)
 Metaspace       used 66568K, committed 67648K, reserved 1114112K
  class space    used 6224K, committed 6720K, reserved 1048576K
}
Event: 1501.487 GC heap before
{Heap before GC invocations=900 (full 755):
 PSYoungGen      total 29184K, used 24575K [0x00000000f5580000, 0x00000000f7e80000, 0x0000000100000000)
  eden space 24576K, 99% used [0x00000000f5580000,0x00000000f6d7fff8,0x00000000f6d80000)
  from space 4608K, 0% used [0x00000000f7900000,0x00000000f7900000,0x00000000f7d80000)
  to   space 8192K, 0% used [0x00000000f6d80000,0x00000000f6d80000,0x00000000f7580000)
 ParOldGen       total 349696K, used 349696K [0x00000000e0000000, 0x00000000f5580000, 0x00000000f5580000)
  object space 349696K, 100% used [0x00000000e0000000,0x00000000f5580000,0x00000000f5580000)
 Metaspace       used 66568K, committed 67648K, reserved 1114112K
  class space    used 6224K, committed 6720K, reserved 1048576K
}
Event: 1504.269 GC heap after
{Heap after GC invocations=900 (full 755):
 PSYoungGen      total 32768K, used 24575K [0x00000000f5580000, 0x00000000f7e80000, 0x0000000100000000)
  eden space 24576K, 99% used [0x00000000f5580000,0x00000000f6d7fff8,0x00000000f6d80000)
  from space 8192K, 0% used [0x00000000f6d80000,0x00000000f6d80000,0x00000000f7580000)
  to   space 4608K, 0% used [0x00000000f7900000,0x00000000f7900000,0x00000000f7d80000)
 ParOldGen       total 349696K, used 349694K [0x00000000e0000000, 0x00000000f5580000, 0x00000000f5580000)
  object space 349696K, 99% used [0x00000000e0000000,0x00000000f557fa60,0x00000000f5580000)
 Metaspace       used 66568K, committed 67648K, reserved 1114112K
  class space    used 6224K, committed 6720K, reserved 1048576K
}
Event: 1504.270 GC heap before
{Heap before GC invocations=901 (full 756):
 PSYoungGen      total 32768K, used 24575K [0x00000000f5580000, 0x00000000f7e80000, 0x0000000100000000)
  eden space 24576K, 99% used [0x00000000f5580000,0x00000000f6d7fff8,0x00000000f6d80000)
  from space 8192K, 0% used [0x00000000f6d80000,0x00000000f6d80000,0x00000000f7580000)
  to   space 4608K, 0% used [0x00000000f7900000,0x00000000f7900000,0x00000000f7d80000)
 ParOldGen       total 349696K, used 349695K [0x00000000e0000000, 0x00000000f5580000, 0x00000000f5580000)
  object space 349696K, 99% used [0x00000000e0000000,0x00000000f557ffc0,0x00000000f5580000)
 Metaspace       used 66568K, committed 67648K, reserved 1114112K
  class space    used 6224K, committed 6720K, reserved 1048576K
}
Event: 1506.869 GC heap after
{Heap after GC invocations=901 (full 756):
 PSYoungGen      total 29184K, used 24575K [0x00000000f5580000, 0x00000000f7e80000, 0x0000000100000000)
  eden space 24576K, 99% used [0x00000000f5580000,0x00000000f6d7fff8,0x00000000f6d80000)
  from space 4608K, 0% used [0x00000000f7900000,0x00000000f7900000,0x00000000f7d80000)
  to   space 8192K, 0% used [0x00000000f6d80000,0x00000000f6d80000,0x00000000f7580000)
 ParOldGen       total 349696K, used 349694K [0x00000000e0000000, 0x00000000f5580000, 0x00000000f5580000)
  object space 349696K, 99% used [0x00000000e0000000,0x00000000f557fbb8,0x00000000f5580000)
 Metaspace       used 66568K, committed 67648K, reserved 1114112K
  class space    used 6224K, committed 6720K, reserved 1048576K
}
Event: 1506.871 GC heap before
{Heap before GC invocations=902 (full 757):
 PSYoungGen      total 29184K, used 24575K [0x00000000f5580000, 0x00000000f7e80000, 0x0000000100000000)
  eden space 24576K, 99% used [0x00000000f5580000,0x00000000f6d7fff8,0x00000000f6d80000)
  from space 4608K, 0% used [0x00000000f7900000,0x00000000f7900000,0x00000000f7d80000)
  to   space 8192K, 0% used [0x00000000f6d80000,0x00000000f6d80000,0x00000000f7580000)
 ParOldGen       total 349696K, used 349695K [0x00000000e0000000, 0x00000000f5580000, 0x00000000f5580000)
  object space 349696K, 99% used [0x00000000e0000000,0x00000000f557ffe8,0x00000000f5580000)
 Metaspace       used 66568K, committed 67648K, reserved 1114112K
  class space    used 6224K, committed 6720K, reserved 1048576K
}
Event: 1509.542 GC heap after
{Heap after GC invocations=902 (full 757):
 PSYoungGen      total 32768K, used 24575K [0x00000000f5580000, 0x00000000f7e80000, 0x0000000100000000)
  eden space 24576K, 99% used [0x00000000f5580000,0x00000000f6d7fff8,0x00000000f6d80000)
  from space 8192K, 0% used [0x00000000f6d80000,0x00000000f6d80000,0x00000000f7580000)
  to   space 4608K, 0% used [0x00000000f7900000,0x00000000f7900000,0x00000000f7d80000)
 ParOldGen       total 349696K, used 349695K [0x00000000e0000000, 0x00000000f5580000, 0x00000000f5580000)
  object space 349696K, 99% used [0x00000000e0000000,0x00000000f557fc98,0x00000000f5580000)
 Metaspace       used 66568K, committed 67648K, reserved 1114112K
  class space    used 6224K, committed 6720K, reserved 1048576K
}
Event: 1509.563 GC heap before
{Heap before GC invocations=903 (full 758):
 PSYoungGen      total 32768K, used 24575K [0x00000000f5580000, 0x00000000f7e80000, 0x0000000100000000)
  eden space 24576K, 99% used [0x00000000f5580000,0x00000000f6d7fff8,0x00000000f6d80000)
  from space 8192K, 0% used [0x00000000f6d80000,0x00000000f6d80000,0x00000000f7580000)
  to   space 4608K, 0% used [0x00000000f7900000,0x00000000f7900000,0x00000000f7d80000)
 ParOldGen       total 349696K, used 349695K [0x00000000e0000000, 0x00000000f5580000, 0x00000000f5580000)
  object space 349696K, 99% used [0x00000000e0000000,0x00000000f557ff40,0x00000000f5580000)
 Metaspace       used 66568K, committed 67648K, reserved 1114112K
  class space    used 6224K, committed 6720K, reserved 1048576K
}
Event: 1512.167 GC heap after
{Heap after GC invocations=903 (full 758):
 PSYoungGen      total 29184K, used 24575K [0x00000000f5580000, 0x00000000f7e80000, 0x0000000100000000)
  eden space 24576K, 99% used [0x00000000f5580000,0x00000000f6d7fff8,0x00000000f6d80000)
  from space 4608K, 0% used [0x00000000f7900000,0x00000000f7900000,0x00000000f7d80000)
  to   space 8192K, 0% used [0x00000000f6d80000,0x00000000f6d80000,0x00000000f7580000)
 ParOldGen       total 349696K, used 349695K [0x00000000e0000000, 0x00000000f5580000, 0x00000000f5580000)
  object space 349696K, 99% used [0x00000000e0000000,0x00000000f557fc18,0x00000000f5580000)
 Metaspace       used 66568K, committed 67648K, reserved 1114112K
  class space    used 6224K, committed 6720K, reserved 1048576K
}
Event: 1512.167 GC heap before
{Heap before GC invocations=904 (full 759):
 PSYoungGen      total 29184K, used 24575K [0x00000000f5580000, 0x00000000f7e80000, 0x0000000100000000)
  eden space 24576K, 99% used [0x00000000f5580000,0x00000000f6d7fff8,0x00000000f6d80000)
  from space 4608K, 0% used [0x00000000f7900000,0x00000000f7900000,0x00000000f7d80000)
  to   space 8192K, 0% used [0x00000000f6d80000,0x00000000f6d80000,0x00000000f7580000)
 ParOldGen       total 349696K, used 349695K [0x00000000e0000000, 0x00000000f5580000, 0x00000000f5580000)
  object space 349696K, 99% used [0x00000000e0000000,0x00000000f557ff28,0x00000000f5580000)
 Metaspace       used 66568K, committed 67648K, reserved 1114112K
  class space    used 6224K, committed 6720K, reserved 1048576K
}
Event: 1514.700 GC heap after
{Heap after GC invocations=904 (full 759):
 PSYoungGen      total 32768K, used 24575K [0x00000000f5580000, 0x00000000f7e80000, 0x0000000100000000)
  eden space 24576K, 99% used [0x00000000f5580000,0x00000000f6d7ffd8,0x00000000f6d80000)
  from space 8192K, 0% used [0x00000000f6d80000,0x00000000f6d80000,0x00000000f7580000)
  to   space 4608K, 0% used [0x00000000f7900000,0x00000000f7900000,0x00000000f7d80000)
 ParOldGen       total 349696K, used 349695K [0x00000000e0000000, 0x00000000f5580000, 0x00000000f5580000)
  object space 349696K, 99% used [0x00000000e0000000,0x00000000f557fc70,0x00000000f5580000)
 Metaspace       used 66568K, committed 67648K, reserved 1114112K
  class space    used 6224K, committed 6720K, reserved 1048576K
}
Event: 1514.700 GC heap before
{Heap before GC invocations=905 (full 760):
 PSYoungGen      total 32768K, used 24575K [0x00000000f5580000, 0x00000000f7e80000, 0x0000000100000000)
  eden space 24576K, 99% used [0x00000000f5580000,0x00000000f6d7fff8,0x00000000f6d80000)
  from space 8192K, 0% used [0x00000000f6d80000,0x00000000f6d80000,0x00000000f7580000)
  to   space 4608K, 0% used [0x00000000f7900000,0x00000000f7900000,0x00000000f7d80000)
 ParOldGen       total 349696K, used 349695K [0x00000000e0000000, 0x00000000f5580000, 0x00000000f5580000)
  object space 349696K, 99% used [0x00000000e0000000,0x00000000f557fe00,0x00000000f5580000)
 Metaspace       used 66568K, committed 67648K, reserved 1114112K
  class space    used 6224K, committed 6720K, reserved 1048576K
}
Event: 1517.720 GC heap after
{Heap after GC invocations=905 (full 760):
 PSYoungGen      total 29184K, used 24575K [0x00000000f5580000, 0x00000000f7e80000, 0x0000000100000000)
  eden space 24576K, 99% used [0x00000000f5580000,0x00000000f6d7fff8,0x00000000f6d80000)
  from space 4608K, 0% used [0x00000000f7900000,0x00000000f7900000,0x00000000f7d80000)
  to   space 8192K, 0% used [0x00000000f6d80000,0x00000000f6d80000,0x00000000f7580000)
 ParOldGen       total 349696K, used 349695K [0x00000000e0000000, 0x00000000f5580000, 0x00000000f5580000)
  object space 349696K, 99% used [0x00000000e0000000,0x00000000f557fc00,0x00000000f5580000)
 Metaspace       used 66568K, committed 67648K, reserved 1114112K
  class space    used 6224K, committed 6720K, reserved 1048576K
}
Event: 1517.720 GC heap before
{Heap before GC invocations=906 (full 761):
 PSYoungGen      total 29184K, used 24575K [0x00000000f5580000, 0x00000000f7e80000, 0x0000000100000000)
  eden space 24576K, 99% used [0x00000000f5580000,0x00000000f6d7fff8,0x00000000f6d80000)
  from space 4608K, 0% used [0x00000000f7900000,0x00000000f7900000,0x00000000f7d80000)
  to   space 8192K, 0% used [0x00000000f6d80000,0x00000000f6d80000,0x00000000f7580000)
 ParOldGen       total 349696K, used 349695K [0x00000000e0000000, 0x00000000f5580000, 0x00000000f5580000)
  object space 349696K, 99% used [0x00000000e0000000,0x00000000f557fc00,0x00000000f5580000)
 Metaspace       used 66568K, committed 67648K, reserved 1114112K
  class space    used 6224K, committed 6720K, reserved 1048576K
}
Event: 1520.411 GC heap after
{Heap after GC invocations=906 (full 761):
 PSYoungGen      total 32768K, used 24575K [0x00000000f5580000, 0x00000000f7e80000, 0x0000000100000000)
  eden space 24576K, 99% used [0x00000000f5580000,0x00000000f6d7fff8,0x00000000f6d80000)
  from space 8192K, 0% used [0x00000000f6d80000,0x00000000f6d80000,0x00000000f7580000)
  to   space 4608K, 0% used [0x00000000f7900000,0x00000000f7900000,0x00000000f7d80000)
 ParOldGen       total 349696K, used 349695K [0x00000000e0000000, 0x00000000f5580000, 0x00000000f5580000)
  object space 349696K, 99% used [0x00000000e0000000,0x00000000f557fc00,0x00000000f5580000)
 Metaspace       used 66568K, committed 67648K, reserved 1114112K
  class space    used 6224K, committed 6720K, reserved 1048576K
}
Event: 1520.412 GC heap before
{Heap before GC invocations=907 (full 762):
 PSYoungGen      total 32768K, used 24575K [0x00000000f5580000, 0x00000000f7e80000, 0x0000000100000000)
  eden space 24576K, 99% used [0x00000000f5580000,0x00000000f6d7fff8,0x00000000f6d80000)
  from space 8192K, 0% used [0x00000000f6d80000,0x00000000f6d80000,0x00000000f7580000)
  to   space 4608K, 0% used [0x00000000f7900000,0x00000000f7900000,0x00000000f7d80000)
 ParOldGen       total 349696K, used 349695K [0x00000000e0000000, 0x00000000f5580000, 0x00000000f5580000)
  object space 349696K, 99% used [0x00000000e0000000,0x00000000f557fca0,0x00000000f5580000)
 Metaspace       used 66568K, committed 67648K, reserved 1114112K
  class space    used 6224K, committed 6720K, reserved 1048576K
}
Event: 1523.490 GC heap after
{Heap after GC invocations=907 (full 762):
 PSYoungGen      total 29184K, used 24575K [0x00000000f5580000, 0x00000000f7e80000, 0x0000000100000000)
  eden space 24576K, 99% used [0x00000000f5580000,0x00000000f6d7fff8,0x00000000f6d80000)
  from space 4608K, 0% used [0x00000000f7900000,0x00000000f7900000,0x00000000f7d80000)
  to   space 8192K, 0% used [0x00000000f6d80000,0x00000000f6d80000,0x00000000f7580000)
 ParOldGen       total 349696K, used 349693K [0x00000000e0000000, 0x00000000f5580000, 0x00000000f5580000)
  object space 349696K, 99% used [0x00000000e0000000,0x00000000f557f700,0x00000000f5580000)
 Metaspace       used 66568K, committed 67648K, reserved 1114112K
  class space    used 6224K, committed 6720K, reserved 1048576K
}
Event: 1523.490 GC heap before
{Heap before GC invocations=908 (full 763):
 PSYoungGen      total 29184K, used 24575K [0x00000000f5580000, 0x00000000f7e80000, 0x0000000100000000)
  eden space 24576K, 99% used [0x00000000f5580000,0x00000000f6d7fff8,0x00000000f6d80000)
  from space 4608K, 0% used [0x00000000f7900000,0x00000000f7900000,0x00000000f7d80000)
  to   space 8192K, 0% used [0x00000000f6d80000,0x00000000f6d80000,0x00000000f7580000)
 ParOldGen       total 349696K, used 349693K [0x00000000e0000000, 0x00000000f5580000, 0x00000000f5580000)
  object space 349696K, 99% used [0x00000000e0000000,0x00000000f557f700,0x00000000f5580000)
 Metaspace       used 66568K, committed 67648K, reserved 1114112K
  class space    used 6224K, committed 6720K, reserved 1048576K
}
Event: 1526.389 GC heap after
{Heap after GC invocations=908 (full 763):
 PSYoungGen      total 32768K, used 24575K [0x00000000f5580000, 0x00000000f7e80000, 0x0000000100000000)
  eden space 24576K, 99% used [0x00000000f5580000,0x00000000f6d7fff8,0x00000000f6d80000)
  from space 8192K, 0% used [0x00000000f6d80000,0x00000000f6d80000,0x00000000f7580000)
  to   space 4608K, 0% used [0x00000000f7900000,0x00000000f7900000,0x00000000f7d80000)
 ParOldGen       total 349696K, used 349693K [0x00000000e0000000, 0x00000000f5580000, 0x00000000f5580000)
  object space 349696K, 99% used [0x00000000e0000000,0x00000000f557f700,0x00000000f5580000)
 Metaspace       used 66568K, committed 67648K, reserved 1114112K
  class space    used 6224K, committed 6720K, reserved 1048576K
}

